native/android/unitymobilehaptics/build/intermediates/manifest_merge_blame_file/release/processReleaseManifest/manifest-merger-blame-release-report.txt
1<?xml version="1.0" encoding="utf-8"?>
2<manifest xmlns:android="http://schemas.android.com/apk/res/android"
3    package="com.daitokuamy.unitymobilehaptics" >
4
5    <uses-sdk android:minSdkVersion="21" />
6
7    <uses-permission android:name="android.permission.VIBRATE" />
7-->src\main\AndroidManifest.xml:3:5-66
7-->src\main\AndroidManifest.xml:3:22-63
8
9</manifest>